<?xml version="1.0" encoding="UTF-8"?>
<testsuite name="JUnit Jupiter" tests="16" skipped="0" failures="2" errors="0" time="0.066" hostname="profile-visa" timestamp="2021-04-12T13:31:26">
<properties>
[...]
</properties>
<testcase name="testGetGasRemained()" classname="transportation.VehicleFullTest" time="0.012">
<system-out><![CDATA[
unique-id: [engine:junit-jupiter]/[class:transportation.VehicleFullTest]/[method:testGetGasRemained()]
display-name: testGetGasRemained()
]]></system-out>
</testcase>
<testcase name="testRun()" classname="transportation.VehicleFullTest" time="0">
<system-out><![CDATA[
unique-id: [engine:junit-jupiter]/[class:transportation.VehicleFullTest]/[method:testRun()]
display-name: testRun()
]]></system-out>
</testcase>
<testcase name="testGetTotalGasConsumed()" classname="transportation.VehicleFullTest" time="0.003">
<failure message="expected: &lt;100&gt; but was: &lt;0&gt;" type="org.opentest4j.AssertionFailedError"><![CDATA[org.opentest4j.AssertionFailedError: expected: <100> but was: <0>
	at org.junit.jupiter.api.AssertionUtils.fail(AssertionUtils.java:54)
	at org.junit.jupiter.api.AssertEquals.failNotEqual(AssertEquals.java:195)
	at org.junit.jupiter.api.AssertEquals.assertEquals(AssertEquals.java:152)
	at org.junit.jupiter.api.AssertEquals.assertEquals(AssertEquals.java:147)
	at org.junit.jupiter.api.Assertions.assertEquals(Assertions.java:327)
	at transportation.VehicleFullTest.testGetTotalGasConsumed(VehicleFullTest.java:80)
	at java.base/jdk.internal.reflect.NativeMethodAccessorImpl.invoke0(Native Method)
	at java.base/jdk.internal.reflect.NativeMethodAccessorImpl.invoke(NativeMethodAccessorImpl.java:62)
	at java.base/jdk.internal.reflect.DelegatingMethodAccessorImpl.invoke(DelegatingMethodAccessorImpl.java:43)
	at java.base/java.lang.reflect.Method.invoke(Method.java:566)
	at org.junit.platform.commons.util.ReflectionUtils.invokeMethod(ReflectionUtils.java:532)
	at org.junit.jupiter.engine.execution.ExecutableInvoker.invoke(ExecutableInvoker.java:115)
	at org.junit.jupiter.engine.descriptor.TestMethodTestDescriptor.lambda$invokeTestMethod$6(TestMethodTestDescriptor.java:171)
	at org.junit.platform.engine.support.hierarchical.ThrowableCollector.execute(ThrowableCollector.java:72)
	at org.junit.jupiter.engine.descriptor.TestMethodTestDescriptor.invokeTestMethod(TestMethodTestDescriptor.java:167)
	at org.junit.jupiter.engine.descriptor.TestMethodTestDescriptor.execute(TestMethodTestDescriptor.java:114)
	at org.junit.jupiter.engine.descriptor.TestMethodTestDescriptor.execute(TestMethodTestDescriptor.java:59)
	at org.junit.platform.engine.support.hierarchical.NodeTestTask.lambda$executeRecursively$4(NodeTestTask.java:108)
	at org.junit.platform.engine.support.hierarchical.ThrowableCollector.execute(ThrowableCollector.java:72)
	at org.junit.platform.engine.support.hierarchical.NodeTestTask.executeRecursively(NodeTestTask.java:98)
	at org.junit.platform.engine.support.hierarchical.NodeTestTask.execute(NodeTestTask.java:74)
	at java.base/java.util.ArrayList.forEach(ArrayList.java:1541)
	at org.junit.platform.engine.support.hierarchical.SameThreadHierarchicalTestExecutorService.invokeAll(SameThreadHierarchicalTestExecutorService.java:38)
	at org.junit.platform.engine.support.hierarchical.NodeTestTask.lambda$executeRecursively$4(NodeTestTask.java:112)
	at org.junit.platform.engine.support.hierarchical.ThrowableCollector.execute(ThrowableCollector.java:72)
	at org.junit.platform.engine.support.hierarchical.NodeTestTask.executeRecursively(NodeTestTask.java:98)
	at org.junit.platform.engine.support.hierarchical.NodeTestTask.execute(NodeTestTask.java:74)
	at java.base/java.util.ArrayList.forEach(ArrayList.java:1541)
	at org.junit.platform.engine.support.hierarchical.SameThreadHierarchicalTestExecutorService.invokeAll(SameThreadHierarchicalTestExecutorService.java:38)
	at org.junit.platform.engine.support.hierarchical.NodeTestTask.lambda$executeRecursively$4(NodeTestTask.java:112)
	at org.junit.platform.engine.support.hierarchical.ThrowableCollector.execute(ThrowableCollector.java:72)
	at org.junit.platform.engine.support.hierarchical.NodeTestTask.executeRecursively(NodeTestTask.java:98)
	at org.junit.platform.engine.support.hierarchical.NodeTestTask.execute(NodeTestTask.java:74)
	at org.junit.platform.engine.support.hierarchical.SameThreadHierarchicalTestExecutorService.submit(SameThreadHierarchicalTestExecutorService.java:32)
	at org.junit.platform.engine.support.hierarchical.HierarchicalTestExecutor.execute(HierarchicalTestExecutor.java:57)
	at org.junit.platform.engine.support.hierarchical.HierarchicalTestEngine.execute(HierarchicalTestEngine.java:51)
	at org.junit.platform.launcher.core.DefaultLauncher.execute(DefaultLauncher.java:220)
	at org.junit.platform.launcher.core.DefaultLauncher.lambda$execute$6(DefaultLauncher.java:188)
	at org.junit.platform.launcher.core.DefaultLauncher.withInterceptedStreams(DefaultLauncher.java:202)
	at org.junit.platform.launcher.core.DefaultLauncher.execute(DefaultLauncher.java:181)
	at org.junit.platform.launcher.core.DefaultLauncher.execute(DefaultLauncher.java:128)
	at org.junit.platform.console.tasks.ConsoleTestExecutor.executeTests(ConsoleTestExecutor.java:65)
	at org.junit.platform.console.tasks.ConsoleTestExecutor.lambda$execute$0(ConsoleTestExecutor.java:57)
	at org.junit.platform.console.tasks.CustomContextClassLoaderExecutor.replaceThreadContextClassLoaderAndInvoke(CustomContextClassLoaderExecutor.java:41)
	at org.junit.platform.console.tasks.CustomContextClassLoaderExecutor.invoke(CustomContextClassLoaderExecutor.java:31)
	at org.junit.platform.console.tasks.ConsoleTestExecutor.execute(ConsoleTestExecutor.java:57)
	at org.junit.platform.console.ConsoleLauncher.executeTests(ConsoleLauncher.java:97)
	at org.junit.platform.console.ConsoleLauncher.execute(ConsoleLauncher.java:87)
	at org.junit.platform.console.ConsoleLauncher.execute(ConsoleLauncher.java:49)
	at org.junit.platform.console.ConsoleLauncher.main(ConsoleLauncher.java:41)
]]></failure>
<system-out><![CDATA[
unique-id: [engine:junit-jupiter]/[class:transportation.VehicleFullTest]/[method:testGetTotalGasConsumed()]
display-name: testGetTotalGasConsumed()
]]></system-out>
</testcase>
<testcase name="testToString()" classname="transportation.VehicleFullTest" time="0.012">
<system-out><![CDATA[
unique-id: [engine:junit-jupiter]/[class:transportation.VehicleFullTest]/[method:testToString()]
display-name: testToString()
]]></system-out>
</testcase>
<testcase name="testVehicle()" classname="transportation.VehicleFullTest" time="0">
<system-out><![CDATA[
unique-id: [engine:junit-jupiter]/[class:transportation.VehicleFullTest]/[method:testVehicle()]
display-name: testVehicle()
]]></system-out>
</testcase>
<testcase name="testEquals()" classname="transportation.VehicleFullTest" time="0.001">
<system-out><![CDATA[
unique-id: [engine:junit-jupiter]/[class:transportation.VehicleFullTest]/[method:testEquals()]
display-name: testEquals()
]]></system-out>
</testcase>
<testcase name="testGetAge()" classname="transportation.VehicleFullTest" time="0">
<system-out><![CDATA[
unique-id: [engine:junit-jupiter]/[class:transportation.VehicleFullTest]/[method:testGetAge()]
display-name: testGetAge()
]]></system-out>
</testcase>
<testcase name="testRefuel()" classname="transportation.VehicleFullTest" time="0">
<system-out><![CDATA[
unique-id: [engine:junit-jupiter]/[class:transportation.VehicleFullTest]/[method:testRefuel()]
display-name: testRefuel()
]]></system-out>
</testcase>
<testcase name="testGetGasRemained()" classname="transportation.VehicleTest" time="0">
<system-out><![CDATA[
unique-id: [engine:junit-jupiter]/[class:transportation.VehicleTest]/[method:testGetGasRemained()]
display-name: testGetGasRemained()
]]></system-out>
</testcase>
<testcase name="testRun()" classname="transportation.VehicleTest" time="0">
<system-out><![CDATA[
unique-id: [engine:junit-jupiter]/[class:transportation.VehicleTest]/[method:testRun()]
display-name: testRun()
]]></system-out>
</testcase>
<testcase name="testGetTotalGasConsumed()" classname="transportation.VehicleTest" time="0">
<failure message="expected: &lt;0&gt; but was: &lt;100&gt;" type="org.opentest4j.AssertionFailedError"><![CDATA[org.opentest4j.AssertionFailedError: expected: <0> but was: <100>
	at org.junit.jupiter.api.AssertionUtils.fail(AssertionUtils.java:54)
	at org.junit.jupiter.api.AssertEquals.failNotEqual(AssertEquals.java:195)
	at org.junit.jupiter.api.AssertEquals.assertEquals(AssertEquals.java:152)
	at org.junit.jupiter.api.AssertEquals.assertEquals(AssertEquals.java:147)
	at org.junit.jupiter.api.Assertions.assertEquals(Assertions.java:327)
	at transportation.VehicleTest.testGetTotalGasConsumed(VehicleTest.java:80)
	at java.base/jdk.internal.reflect.NativeMethodAccessorImpl.invoke0(Native Method)
	at java.base/jdk.internal.reflect.NativeMethodAccessorImpl.invoke(NativeMethodAccessorImpl.java:62)
	at java.base/jdk.internal.reflect.DelegatingMethodAccessorImpl.invoke(DelegatingMethodAccessorImpl.java:43)
	at java.base/java.lang.reflect.Method.invoke(Method.java:566)
	at org.junit.platform.commons.util.ReflectionUtils.invokeMethod(ReflectionUtils.java:532)
	at org.junit.jupiter.engine.execution.ExecutableInvoker.invoke(ExecutableInvoker.java:115)
	at org.junit.jupiter.engine.descriptor.TestMethodTestDescriptor.lambda$invokeTestMethod$6(TestMethodTestDescriptor.java:171)
	at org.junit.platform.engine.support.hierarchical.ThrowableCollector.execute(ThrowableCollector.java:72)
	at org.junit.jupiter.engine.descriptor.TestMethodTestDescriptor.invokeTestMethod(TestMethodTestDescriptor.java:167)
	at org.junit.jupiter.engine.descriptor.TestMethodTestDescriptor.execute(TestMethodTestDescriptor.java:114)
	at org.junit.jupiter.engine.descriptor.TestMethodTestDescriptor.execute(TestMethodTestDescriptor.java:59)
	at org.junit.platform.engine.support.hierarchical.NodeTestTask.lambda$executeRecursively$4(NodeTestTask.java:108)
	at org.junit.platform.engine.support.hierarchical.ThrowableCollector.execute(ThrowableCollector.java:72)
	at org.junit.platform.engine.support.hierarchical.NodeTestTask.executeRecursively(NodeTestTask.java:98)
	at org.junit.platform.engine.support.hierarchical.NodeTestTask.execute(NodeTestTask.java:74)
	at java.base/java.util.ArrayList.forEach(ArrayList.java:1541)
	at org.junit.platform.engine.support.hierarchical.SameThreadHierarchicalTestExecutorService.invokeAll(SameThreadHierarchicalTestExecutorService.java:38)
	at org.junit.platform.engine.support.hierarchical.NodeTestTask.lambda$executeRecursively$4(NodeTestTask.java:112)
	at org.junit.platform.engine.support.hierarchical.ThrowableCollector.execute(ThrowableCollector.java:72)
	at org.junit.platform.engine.support.hierarchical.NodeTestTask.executeRecursively(NodeTestTask.java:98)
	at org.junit.platform.engine.support.hierarchical.NodeTestTask.execute(NodeTestTask.java:74)
	at java.base/java.util.ArrayList.forEach(ArrayList.java:1541)
	at org.junit.platform.engine.support.hierarchical.SameThreadHierarchicalTestExecutorService.invokeAll(SameThreadHierarchicalTestExecutorService.java:38)
	at org.junit.platform.engine.support.hierarchical.NodeTestTask.lambda$executeRecursively$4(NodeTestTask.java:112)
	at org.junit.platform.engine.support.hierarchical.ThrowableCollector.execute(ThrowableCollector.java:72)
	at org.junit.platform.engine.support.hierarchical.NodeTestTask.executeRecursively(NodeTestTask.java:98)
	at org.junit.platform.engine.support.hierarchical.NodeTestTask.execute(NodeTestTask.java:74)
	at org.junit.platform.engine.support.hierarchical.SameThreadHierarchicalTestExecutorService.submit(SameThreadHierarchicalTestExecutorService.java:32)
	at org.junit.platform.engine.support.hierarchical.HierarchicalTestExecutor.execute(HierarchicalTestExecutor.java:57)
	at org.junit.platform.engine.support.hierarchical.HierarchicalTestEngine.execute(HierarchicalTestEngine.java:51)
	at org.junit.platform.launcher.core.DefaultLauncher.execute(DefaultLauncher.java:220)
	at org.junit.platform.launcher.core.DefaultLauncher.lambda$execute$6(DefaultLauncher.java:188)
	at org.junit.platform.launcher.core.DefaultLauncher.withInterceptedStreams(DefaultLauncher.java:202)
	at org.junit.platform.launcher.core.DefaultLauncher.execute(DefaultLauncher.java:181)
	at org.junit.platform.launcher.core.DefaultLauncher.execute(DefaultLauncher.java:128)
	at org.junit.platform.console.tasks.ConsoleTestExecutor.executeTests(ConsoleTestExecutor.java:65)
	at org.junit.platform.console.tasks.ConsoleTestExecutor.lambda$execute$0(ConsoleTestExecutor.java:57)
	at org.junit.platform.console.tasks.CustomContextClassLoaderExecutor.replaceThreadContextClassLoaderAndInvoke(CustomContextClassLoaderExecutor.java:41)
	at org.junit.platform.console.tasks.CustomContextClassLoaderExecutor.invoke(CustomContextClassLoaderExecutor.java:31)
	at org.junit.platform.console.tasks.ConsoleTestExecutor.execute(ConsoleTestExecutor.java:57)
	at org.junit.platform.console.ConsoleLauncher.executeTests(ConsoleLauncher.java:97)
	at org.junit.platform.console.ConsoleLauncher.execute(ConsoleLauncher.java:87)
	at org.junit.platform.console.ConsoleLauncher.execute(ConsoleLauncher.java:49)
	at org.junit.platform.console.ConsoleLauncher.main(ConsoleLauncher.java:41)
]]></failure>
<system-out><![CDATA[
unique-id: [engine:junit-jupiter]/[class:transportation.VehicleTest]/[method:testGetTotalGasConsumed()]
display-name: testGetTotalGasConsumed()
]]></system-out>
</testcase>
<testcase name="testToString()" classname="transportation.VehicleTest" time="0">
<system-out><![CDATA[
unique-id: [engine:junit-jupiter]/[class:transportation.VehicleTest]/[method:testToString()]
display-name: testToString()
]]></system-out>
</testcase>
<testcase name="testVehicle()" classname="transportation.VehicleTest" time="0">
<system-out><![CDATA[
unique-id: [engine:junit-jupiter]/[class:transportation.VehicleTest]/[method:testVehicle()]
display-name: testVehicle()
]]></system-out>
</testcase>
<testcase name="testEquals()" classname="transportation.VehicleTest" time="0">
<system-out><![CDATA[
unique-id: [engine:junit-jupiter]/[class:transportation.VehicleTest]/[method:testEquals()]
display-name: testEquals()
]]></system-out>
</testcase>
<testcase name="testGetAge()" classname="transportation.VehicleTest" time="0">
<system-out><![CDATA[
unique-id: [engine:junit-jupiter]/[class:transportation.VehicleTest]/[method:testGetAge()]
display-name: testGetAge()
]]></system-out>
</testcase>
<testcase name="testRefuel()" classname="transportation.VehicleTest" time="0">
<system-out><![CDATA[
unique-id: [engine:junit-jupiter]/[class:transportation.VehicleTest]/[method:testRefuel()]
display-name: testRefuel()
]]></system-out>
</testcase>
<system-out><![CDATA[
unique-id: [engine:junit-jupiter]
display-name: JUnit Jupiter
]]></system-out>
</testsuite>
